[debug] [2023-04-09T15:36:58.815Z] ----------------------------------------------------------------------
[debug] [2023-04-09T15:36:58.816Z] Command:       C:\Program Files\nodejs\node.exe C:\Users\Mithiran\AppData\Roaming\npm\node_modules\firebase-tools\lib\bin\firebase.js init
[debug] [2023-04-09T15:36:58.817Z] CLI Version:   11.25.3
[debug] [2023-04-09T15:36:58.817Z] Platform:      win32
[debug] [2023-04-09T15:36:58.817Z] Node Version:  v18.12.1
[debug] [2023-04-09T15:36:58.818Z] Time:          Sun Apr 09 2023 21:06:58 GMT+0530 (India Standard Time)
[debug] [2023-04-09T15:36:58.818Z] ----------------------------------------------------------------------
[debug] 
[debug] [2023-04-09T15:36:58.884Z] > command requires scopes: ["email","openid","https://www.googleapis.com/auth/cloudplatformprojects.readonly","https://www.googleapis.com/auth/firebase","https://www.googleapis.com/auth/cloud-platform"]
[debug] [2023-04-09T15:36:58.884Z] > authorizing via signed-in user (rjmithu7@gmail.com)
[info] 
     ######## #### ########  ######## ########     ###     ######  ########
     ##        ##  ##     ## ##       ##     ##  ##   ##  ##       ##
     ######    ##  ########  ######   ########  #########  ######  ######
     ##        ##  ##    ##  ##       ##     ## ##     ##       ## ##
     ##       #### ##     ## ######## ########  ##     ##  ######  ########

You're about to initialize a Firebase project in this directory:

  C:\Users\Mithiran\Documents\GitHub\dummy-landing-page

Before we get started, keep in mind:

  * You are initializing within an existing Firebase project directory

